<?xml version="1.0" encoding="UTF-8"?>
<!-- Generated by org.testng.reporters.JUnitReportReporter -->
<testsuite hostname="OnadebiPC" failures="0" tests="5" name="com.project.NavigationsFromHomePageTest" time="2.066" errors="0" timestamp="2024-04-16T22:01:53 EDT" skipped="0">
  <testcase classname="com.project.NavigationsFromHomePageTest" name="NavigationReturnToHomePageFromAddFunctionalityTest" time="0.535"/>
  <system-out/>
  <testcase classname="com.project.NavigationsFromHomePageTest" name="NavigationReturnToHomePageFromListPageFunctionalityTest" time="0.483"/>
  <system-out/>
  <testcase classname="com.project.NavigationsFromHomePageTest" name="NavigationToContactsListFunctionalityTest" time="0.460"/>
  <system-out/>
  <testcase classname="com.project.NavigationsFromHomePageTest" name="NavigationToAddNewPageFunctionalityTest" time="0.417"/>
  <system-out/>
  <testcase classname="com.project.NavigationsFromHomePageTest" name="testAddressbookHomePageTitle" time="0.171"/>
  <system-out/>
</testsuite> <!-- com.project.NavigationsFromHomePageTest -->
