<?xml version="1.0" encoding="UTF-8"?>
<!-- Generated by org.testng.reporters.JUnitReportReporter -->
<testsuite hostname="OnadebiPC" failures="0" tests="4" name="com.project.ValidationsAddEditAddressBookEntryTest" time="8.104" errors="0" timestamp="2024-04-16T22:01:53 EDT" skipped="0">
  <testcase classname="com.project.ValidationsAddEditAddressBookEntryTest" name="Add_Validate_ContactsInfo_AddressBookContactRecord" time="1.249"/>
  <system-out/>
  <testcase classname="com.project.ValidationsAddEditAddressBookEntryTest" name="Add_Validate_NamesInfo_AddressBookContactRecord" time="2.142"/>
  <system-out/>
  <testcase classname="com.project.ValidationsAddEditAddressBookEntryTest" name="Edit_Validate_NamesInfo_AddressBookContactRecord" time="1.382"/>
  <system-out/>
  <testcase classname="com.project.ValidationsAddEditAddressBookEntryTest" name="Edit_Validate_ContactsInfo_AddressBookContactRecord" time="3.331"/>
  <system-out/>
</testsuite> <!-- com.project.ValidationsAddEditAddressBookEntryTest -->
