<?xml version="1.0" encoding="UTF-8"?>
<!-- Generated by org.testng.reporters.JUnitReportReporter -->
<testsuite hostname="OnadebiPC" failures="0" tests="4" name="com.project.ValidationsAddEditAddressBookEntryTest" time="10.122" errors="0" timestamp="2024-04-16T12:06:43 EDT" skipped="0">
  <testcase classname="com.project.ValidationsAddEditAddressBookEntryTest" name="Add_Validate_ContactsInfo_AddressBookContactRecord" time="1.768"/>
  <system-out/>
  <testcase classname="com.project.ValidationsAddEditAddressBookEntryTest" name="Add_Validate_NamesInfo_AddressBookContactRecord" time="4.375"/>
  <system-out/>
  <testcase classname="com.project.ValidationsAddEditAddressBookEntryTest" name="Edit_Validate_NamesInfo_AddressBookContactRecord" time="1.865"/>
  <system-out/>
  <testcase classname="com.project.ValidationsAddEditAddressBookEntryTest" name="Edit_Validate_ContactsInfo_AddressBookContactRecord" time="2.114"/>
  <system-out/>
</testsuite> <!-- com.project.ValidationsAddEditAddressBookEntryTest -->
