<?xml version="1.0" encoding="UTF-8"?>
<!-- Generated by org.testng.reporters.JUnitReportReporter -->
<testsuite hostname="OnadebiPC" failures="0" tests="5" name="com.project.NavigationsFromHomePageTest" time="4.658" errors="0" timestamp="2024-04-16T12:06:43 EDT" skipped="0">
  <testcase classname="com.project.NavigationsFromHomePageTest" name="NavigationReturnToHomePageFromAddFunctionalityTest" time="1.372"/>
  <system-out/>
  <testcase classname="com.project.NavigationsFromHomePageTest" name="NavigationToContactsListFunctionalityTest" time="1.049"/>
  <system-out/>
  <testcase classname="com.project.NavigationsFromHomePageTest" name="NavigationReturnToHomePageFromListPageFunctionalityTest" time="0.995"/>
  <system-out/>
  <testcase classname="com.project.NavigationsFromHomePageTest" name="NavigationToAddNewPageFunctionalityTest" time="0.928"/>
  <system-out/>
  <testcase classname="com.project.NavigationsFromHomePageTest" name="testAddressbookHomePageTitle" time="0.314"/>
  <system-out/>
</testsuite> <!-- com.project.NavigationsFromHomePageTest -->
