<?xml version="1.0" encoding="UTF-8"?>
<!-- Generated by org.testng.reporters.JUnitReportReporter -->
<testsuite hostname="OnadebiPC" failures="0" tests="1" name="com.project.AddressbookListHasRecordsTest" time="0.533" errors="0" timestamp="2024-04-16T12:06:43 EDT" skipped="0">
  <testcase classname="com.project.AddressbookListHasRecordsTest" name="testAddressContainsContactRecords" time="0.533"/>
  <system-out/>
</testsuite> <!-- com.project.AddressbookListHasRecordsTest -->
