<?xml version="1.0" encoding="UTF-8"?>
<!-- Generated by org.testng.reporters.JUnitReportReporter -->
<testsuite hostname="OnadebiPC" failures="0" tests="3" name="com.project.AddEditAddressBookEntryTest" time="127.695" errors="0" timestamp="2024-04-16T12:06:43 EDT" skipped="0">
  <testcase classname="com.project.AddEditAddressBookEntryTest" name="Add_AddressBookContactRecord" time="3.640"/>
  <system-out/>
  <testcase classname="com.project.AddEditAddressBookEntryTest" name="Add_AddressBookDynamicallyCreatedContactRecords" time="121.822"/>
  <system-out/>
  <testcase classname="com.project.AddEditAddressBookEntryTest" name="Edit_AddressBookContactRecord" time="2.233"/>
  <system-out/>
</testsuite> <!-- com.project.AddEditAddressBookEntryTest -->
